2026-05-11 14:31:41,210 - logic.optimizer - INFO - 🚦 Traffic Optimizer initialized
🚦 Starting Junction Optimization System heartbeat...
[14:31:39] 📈 Found new traffic_state.json. Triggering TrafficCrew...
Inputs: {'N': 15, 'S': 24, 'E': 16, 'W': 22, 'emergency': False}
[14:31:41] ❌ Error in heartbeat loop: 1 validation error for Agent
tools.0
  Input should be a valid dictionary or instance of BaseTool [type=model_type, input_value=<bound method TrafficCrew...ject at 0x7fc951fa87d0>>, input_type=method]
    For further information visit https://errors.pydantic.dev/2.12/v/model_type
[14:31:46] 📈 Found new traffic_state.json. Triggering TrafficCrew...
Inputs: {'N': 28, 'S': 27, 'E': 22, 'W': 15, 'emergency': False}
[14:31:46] ❌ Error in heartbeat loop: 1 validation error for Agent
tools.0
  Input should be a valid dictionary or instance of BaseTool [type=model_type, input_value=<bound method TrafficCrew...ject at 0x7fc951fab1d0>>, input_type=method]
    For further information visit https://errors.pydantic.dev/2.12/v/model_type
[14:31:51] 📈 Found new traffic_state.json. Triggering TrafficCrew...
Inputs: {'N': 24, 'S': 11, 'E': 27, 'W': 14, 'emergency': False}
[14:31:51] ❌ Error in heartbeat loop: 1 validation error for Agent
tools.0
  Input should be a valid dictionary or instance of BaseTool [type=model_type, input_value=<bound method TrafficCrew...ject at 0x7fc951fabfb0>>, input_type=method]
    For further information visit https://errors.pydantic.dev/2.12/v/model_type
[14:31:56] 📈 Found new traffic_state.json. Triggering TrafficCrew...
Inputs: {'N': 26, 'S': 2, 'E': 12, 'W': 0, 'emergency': False}
[14:31:56] ❌ Error in heartbeat loop: 1 validation error for Agent
tools.0
  Input should be a valid dictionary or instance of BaseTool [type=model_type, input_value=<bound method TrafficCrew...ject at 0x7fc95043b110>>, input_type=method]
    For further information visit https://errors.pydantic.dev/2.12/v/model_type
[14:32:01] 📈 Found new traffic_state.json. Triggering TrafficCrew...
Inputs: {'N': 10, 'S': 5, 'E': 14, 'W': 28, 'emergency': False}
[14:32:01] ❌ Error in heartbeat loop: 1 validation error for Agent
tools.0
  Input should be a valid dictionary or instance of BaseTool [type=model_type, input_value=<bound method TrafficCrew...ject at 0x7fc95043b380>>, input_type=method]
    For further information visit https://errors.pydantic.dev/2.12/v/model_type
[14:32:06] 📈 Found new traffic_state.json. Triggering TrafficCrew...
Inputs: {'N': 14, 'S': 14, 'E': 19, 'W': 19, 'emergency': False}
[14:32:06] ❌ Error in heartbeat loop: 1 validation error for Agent
tools.0
  Input should be a valid dictionary or instance of BaseTool [type=model_type, input_value=<bound method TrafficCrew...ject at 0x7fc95043b890>>, input_type=method]
    For further information visit https://errors.pydantic.dev/2.12/v/model_type
[14:32:11] 📈 Found new traffic_state.json. Triggering TrafficCrew...
Inputs: {'N': 5, 'S': 23, 'E': 27, 'W': 14, 'emergency': False}
[14:32:11] ❌ Error in heartbeat loop: 1 validation error for Agent
tools.0
  Input should be a valid dictionary or instance of BaseTool [type=model_type, input_value=<bound method TrafficCrew...ject at 0x7fc95043bcb0>>, input_type=method]
    For further information visit https://errors.pydantic.dev/2.12/v/model_type
[14:32:16] 📈 Found new traffic_state.json. Triggering TrafficCrew...
Inputs: {'N': 0, 'S': 21, 'E': 27, 'W': 30, 'emergency': False}
[14:32:16] ❌ Error in heartbeat loop: 1 validation error for Agent
tools.0
  Input should be a valid dictionary or instance of BaseTool [type=model_type, input_value=<bound method TrafficCrew...ject at 0x7fc95043b800>>, input_type=method]
    For further information visit https://errors.pydantic.dev/2.12/v/model_type
